2021-12-30 07:31:57,676 P3151 [INFO] ************************************************************
2021-12-30 07:31:57,676 P3151 [INFO] ConfigSet _OnInstanceBoot
2021-12-30 07:31:57,679 P3151 [INFO] ++++++++++++++++++++++++++++++++++++++++++++++++++++++++++++
2021-12-30 07:31:57,679 P3151 [INFO] Config AWSEBBaseConfig
2021-12-30 07:31:57,850 P3151 [INFO] ============================================================
2021-12-30 07:31:57,850 P3151 [INFO] Command clearbackupfiles
2021-12-30 07:31:57,855 P3151 [INFO] Completed successfully.
2021-12-30 07:31:57,860 P3151 [INFO] ++++++++++++++++++++++++++++++++++++++++++++++++++++++++++++
2021-12-30 07:31:57,860 P3151 [INFO] Config AWSEBCfnHupEndpointOverride
2021-12-30 07:31:57,860 P3151 [INFO] ============================================================
2021-12-30 07:31:57,861 P3151 [INFO] Command clearbackupfiles
2021-12-30 07:31:57,863 P3151 [INFO] Completed successfully.
2021-12-30 07:33:07,044 P3720 [INFO] ************************************************************
2021-12-30 07:33:07,044 P3720 [INFO] ConfigSet Infra-EmbeddedPreBuild
2021-12-30 07:33:31,333 P4182 [INFO] ************************************************************
2021-12-30 07:33:31,333 P4182 [INFO] ConfigSet Infra-EmbeddedPostBuild
2021-12-30 07:39:41,548 P7639 [INFO] ************************************************************
2021-12-30 07:39:41,548 P7639 [INFO] ConfigSet Infra-EmbeddedPreBuild
2021-12-30 07:39:43,685 P7811 [INFO] ************************************************************
2021-12-30 07:39:43,685 P7811 [INFO] ConfigSet Infra-EmbeddedPostBuild
2021-12-30 08:31:23,888 P30302 [INFO] ************************************************************
2021-12-30 08:31:23,888 P30302 [INFO] ConfigSet Infra-EmbeddedPreBuild
2021-12-30 08:31:26,000 P30473 [INFO] ************************************************************
2021-12-30 08:31:26,000 P30473 [INFO] ConfigSet Infra-EmbeddedPostBuild
2021-12-30 08:38:38,290 P2205 [INFO] ************************************************************
2021-12-30 08:38:38,290 P2205 [INFO] ConfigSet Infra-EmbeddedPreBuild
2021-12-30 08:38:40,485 P2383 [INFO] ************************************************************
2021-12-30 08:38:40,485 P2383 [INFO] ConfigSet Infra-EmbeddedPostBuild
