[2021-12-30T07:31:56Z] Started EB User Data
+ SLEEP_TIME=10
+ SLEEP_TIME_MAX=3600
+ true
+ curl https://elasticbeanstalk-platform-assets-us-east-2.s3.us-east-2.amazonaws.com/stalks/eb_corretto11_amazon_linux_2_1.0.3002.0_20211227235000/lib/UserDataScript.sh
  % Total    % Received % Xferd  Average Speed   Time    Time     Time  Current
                                 Dload  Upload   Total   Spent    Left  Speed
  0     0    0     0    0     0      0      0 --:--:-- --:--:-- --:--:--     0100  4627  100  4627    0     0  62077      0 --:--:-- --:--:-- --:--:-- 62527
+ RESULT=0
+ [[ 0 -ne 0 ]]
+ SLEEP_TIME=2
+ /bin/bash /tmp/ebbootstrap.sh 'https://cloudformation-waitcondition-us-east-2.s3.us-east-2.amazonaws.com/arn%3Aaws%3Acloudformation%3Aus-east-2%3A668002097633%3Astack/awseb-e-8jmriy3ksj-stack/6b2fde60-6942-11ec-8de9-023daeff6498/AWSEBInstanceLaunchWaitHandle?X-Amz-Algorithm=AWS4-HMAC-SHA256&X-Amz-Date=20211230T073058Z&X-Amz-SignedHeaders=host&X-Amz-Expires=86399&X-Amz-Credential=AKIAVRFIPK6PBGAVDDLE%2F20211230%2Fus-east-2%2Fs3%2Faws4_request&X-Amz-Signature=cfcc4c55ea801322b6cf2d2e0b56226dc2374e2a25e7984f2a22f09e1144445a' arn:aws:cloudformation:us-east-2:668002097633:stack/awseb-e-8jmriy3ksj-stack/6b2fde60-6942-11ec-8de9-023daeff6498 6dc988d3-9253-431f-9455-ad08e5de7301 https://elasticbeanstalk-health.us-east-2.amazonaws.com '' https://elasticbeanstalk-platform-assets-us-east-2.s3.us-east-2.amazonaws.com/stalks/eb_corretto11_amazon_linux_2_1.0.3002.0_20211227235000 us-east-2
[2021-12-30T07:31:56.412Z] Started EB Bootstrapping Script.
[2021-12-30T07:31:56.430Z] Received parameters:
 TARBALLS = 
 EB_GEMS = 
 SIGNAL_URL = https://cloudformation-waitcondition-us-east-2.s3.us-east-2.amazonaws.com/arn%3Aaws%3Acloudformation%3Aus-east-2%3A668002097633%3Astack/awseb-e-8jmriy3ksj-stack/6b2fde60-6942-11ec-8de9-023daeff6498/AWSEBInstanceLaunchWaitHandle?X-Amz-Algorithm=AWS4-HMAC-SHA256&X-Amz-Date=20211230T073058Z&X-Amz-SignedHeaders=host&X-Amz-Expires=86399&X-Amz-Credential=AKIAVRFIPK6PBGAVDDLE%2F20211230%2Fus-east-2%2Fs3%2Faws4_request&X-Amz-Signature=cfcc4c55ea801322b6cf2d2e0b56226dc2374e2a25e7984f2a22f09e1144445a
 STACK_ID = arn:aws:cloudformation:us-east-2:668002097633:stack/awseb-e-8jmriy3ksj-stack/6b2fde60-6942-11ec-8de9-023daeff6498
 REGION = us-east-2
 GUID = 
 HEALTHD_GROUP_ID = 6dc988d3-9253-431f-9455-ad08e5de7301
 HEALTHD_ENDPOINT = https://elasticbeanstalk-health.us-east-2.amazonaws.com
 PROXY_SERVER = 
 HEALTHD_PROXY_LOG_LOCATION = 
 PLATFORM_ASSETS_URL = https://elasticbeanstalk-platform-assets-us-east-2.s3.us-east-2.amazonaws.com/stalks/eb_corretto11_amazon_linux_2_1.0.3002.0_20211227235000
[2021-12-30T07:31:56.496Z] engine url is set to https://elasticbeanstalk-platform-assets-us-east-2.s3.us-east-2.amazonaws.com/stalks/eb_corretto11_amazon_linux_2_1.0.3002.0_20211227235000/lib/platform-engine.zip
[2021-12-30T07:31:56.529Z] first init of instance.
[2021-12-30T07:31:56.542Z] Started executing cfn_init _OnInstanceBoot.
[2021-12-30T07:31:56.552Z] Running cfn-init ConfigSet: _OnInstanceBoot.
[2021-12-30T07:31:56.582Z] Using stack-id from userdata
[2021-12-30T07:31:57.890Z] Command Returned: 
[2021-12-30T07:31:57.898Z] Completed executing cfn_init.
[2021-12-30T07:31:57.905Z] finished _OnInstanceBoot
--2021-12-30 07:31:57--  https://elasticbeanstalk-platform-assets-us-east-2.s3.us-east-2.amazonaws.com/stalks/eb_corretto11_amazon_linux_2_1.0.3002.0_20211227235000/lib/platform-engine.zip
Resolving elasticbeanstalk-platform-assets-us-east-2.s3.us-east-2.amazonaws.com (elasticbeanstalk-platform-assets-us-east-2.s3.us-east-2.amazonaws.com)... 52.219.141.82
Connecting to elasticbeanstalk-platform-assets-us-east-2.s3.us-east-2.amazonaws.com (elasticbeanstalk-platform-assets-us-east-2.s3.us-east-2.amazonaws.com)|52.219.141.82|:443... connected.
HTTP request sent, awaiting response... 200 OK
Length: 26666481 (25M) [application/zip]
Saving to: ‘/tmp/platform-engine.zip’

     0K .......... .......... .......... .......... ..........  0% 9.28M 3s
    50K .......... .......... .......... .......... ..........  0% 5.13M 4s
   100K .......... .......... .......... .......... ..........  0% 16.2M 3s
   150K .......... .......... .......... .......... ..........  0% 54.6M 2s
   200K .......... .......... .......... .......... ..........  0% 6.69M 3s
   250K .......... .......... .......... .......... ..........  1%  213M 2s
   300K .......... .......... .......... .......... ..........  1% 7.73M 2s
   350K .......... .......... .......... .......... ..........  1%  217M 2s
   400K .......... .......... .......... .......... ..........  1% 7.79M 2s
   450K .......... .......... .......... .......... ..........  1%  240M 2s
   500K .......... .......... .......... .......... ..........  2% 6.88M 2s
   550K .......... .......... .......... .......... ..........  2%  220M 2s
   600K .......... .......... .......... .......... ..........  2% 7.54M 2s
   650K .......... .......... .......... .......... ..........  2%  221M 2s
   700K .......... .......... .......... .......... ..........  2% 7.12M 2s
   750K .......... .......... .......... .......... ..........  3%  144M 2s
   800K .......... .......... .......... .......... ..........  3%  224M 2s
   850K .......... .......... .......... .......... ..........  3% 9.37M 2s
   900K .......... .......... .......... .......... ..........  3% 4.57M 2s
   950K .......... .......... .......... .......... ..........  3% 86.5M 2s
  1000K .......... .......... .......... .......... ..........  4% 94.6M 2s
  1050K .......... .......... .......... .......... ..........  4% 69.4M 2s
  1100K .......... .......... .......... .......... ..........  4% 96.9M 2s
  1150K .......... .......... .......... .......... ..........  4% 71.1M 2s
  1200K .......... .......... .......... .......... ..........  4% 88.9M 2s
  1250K .......... .......... .......... .......... ..........  4% 78.6M 2s
  1300K .......... .......... .......... .......... ..........  5% 6.82M 2s
  1350K .......... .......... .......... .......... ..........  5% 8.54M 2s
  1400K .......... .......... .......... .......... ..........  5% 71.2M 2s
  1450K .......... .......... .......... .......... ..........  5% 79.6M 2s
  1500K .......... .......... .......... .......... ..........  5% 73.6M 2s
  1550K .......... .......... .......... .......... ..........  6% 94.4M 1s
  1600K .......... .......... .......... .......... ..........  6% 86.5M 1s
  1650K .......... .......... .......... .......... ..........  6% 80.5M 1s
  1700K .......... .......... .......... .......... ..........  6% 80.7M 1s
  1750K .......... .......... .......... .......... ..........  6%  110M 1s
  1800K .......... .......... .......... .......... ..........  7% 86.4M 1s
  1850K .......... .......... .......... .......... ..........  7% 69.3M 1s
  1900K .......... .......... .......... .......... ..........  7% 74.6M 1s
  1950K .......... .......... .......... .......... ..........  7% 74.3M 1s
  2000K .......... .......... .......... .......... ..........  7% 84.8M 1s
  2050K .......... .......... .......... .......... ..........  8% 7.17M 1s
  2100K .......... .......... .......... .......... ..........  8% 93.2M 1s
  2150K .......... .......... .......... .......... ..........  8% 96.5M 1s
  2200K .......... .......... .......... .......... ..........  8% 70.5M 1s
  2250K .......... .......... .......... .......... ..........  8% 95.6M 1s
  2300K .......... .......... .......... .......... ..........  9% 64.4M 1s
  2350K .......... .......... .......... .......... ..........  9% 83.3M 1s
  2400K .......... .......... .......... .......... ..........  9% 68.7M 1s
  2450K .......... .......... .......... .......... ..........  9% 84.3M 1s
  2500K .......... .......... .......... .......... ..........  9% 68.4M 1s
  2550K .......... .......... .......... .......... ..........  9%  102M 1s
  2600K .......... .......... .......... .......... .......... 10% 86.4M 1s
  2650K .......... .......... .......... .......... .......... 10% 71.5M 1s
  2700K .......... .......... .......... .......... .......... 10% 79.2M 1s
  2750K .......... .......... .......... .......... .......... 10% 67.2M 1s
  2800K .......... .......... .......... .......... .......... 10% 80.8M 1s
  2850K .......... .......... .......... .......... .......... 11% 5.99M 1s
  2900K .......... .......... .......... .......... .......... 11% 91.7M 1s
  2950K .......... .......... .......... .......... .......... 11% 77.0M 1s
  3000K .......... .......... .......... .......... .......... 11% 67.8M 1s
  3050K .......... .......... .......... .......... .......... 11% 82.3M 1s
  3100K .......... .......... .......... .......... .......... 12% 61.6M 1s
  3150K .......... .......... .......... .......... .......... 12% 87.6M 1s
  3200K .......... .......... .......... .......... .......... 12% 60.2M 1s
  3250K .......... .......... .......... .......... .......... 12% 88.5M 1s
  3300K .......... .......... .......... .......... .......... 12% 60.0M 1s
  3350K .......... .......... .......... .......... .......... 13% 75.6M 1s
  3400K .......... .......... .......... .......... .......... 13% 69.9M 1s
  3450K .......... .......... .......... .......... .......... 13% 80.3M 1s
  3500K .......... .......... .......... .......... .......... 13% 36.8M 1s
  3550K .......... .......... .......... .......... .......... 13% 97.6M 1s
  3600K .......... .......... .......... .......... .......... 14% 93.7M 1s
  3650K .......... .......... .......... .......... .......... 14% 78.1M 1s
  3700K .......... .......... .......... .......... .......... 14% 99.5M 1s
  3750K .......... .......... .......... .......... .......... 14% 89.2M 1s
  3800K .......... .......... .......... .......... .......... 14% 4.77M 1s
  3850K .......... .......... .......... .......... .......... 14% 98.6M 1s
  3900K .......... .......... .......... .......... .......... 15% 98.4M 1s
  3950K .......... .......... .......... .......... .......... 15% 52.3M 1s
  4000K .......... .......... .......... .......... .......... 15% 76.5M 1s
  4050K .......... .......... .......... .......... .......... 15% 28.7M 1s
  4100K .......... .......... .......... .......... .......... 15% 99.7M 1s
  4150K .......... .......... .......... .......... .......... 16% 67.9M 1s
  4200K .......... .......... .......... .......... .......... 16% 71.9M 1s
  4250K .......... .......... .......... .......... .......... 16% 94.9M 1s
  4300K .......... .......... .......... .......... .......... 16% 69.5M 1s
  4350K .......... .......... .......... .......... .......... 16% 34.4M 1s
  4400K .......... .......... .......... .......... .......... 17% 57.4M 1s
  4450K .......... .......... .......... .......... .......... 17% 75.5M 1s
  4500K .......... .......... .......... .......... .......... 17% 59.3M 1s
  4550K .......... .......... .......... .......... .......... 17% 31.8M 1s
  4600K .......... .......... .......... .......... .......... 17% 92.0M 1s
  4650K .......... .......... .......... .......... .......... 18% 54.6M 1s
  4700K .......... .......... .......... .......... .......... 18% 37.1M 1s
  4750K .......... .......... .......... .......... .......... 18% 76.4M 1s
  4800K .......... .......... .......... .......... .......... 18% 5.86M 1s
  4850K .......... .......... .......... .......... .......... 18% 99.5M 1s
  4900K .......... .......... .......... .......... .......... 19% 86.7M 1s
  4950K .......... .......... .......... .......... .......... 19% 31.4M 1s
  5000K .......... .......... .......... .......... .......... 19% 97.7M 1s
  5050K .......... .......... .......... .......... .......... 19% 58.5M 1s
  5100K .......... .......... .......... .......... .......... 19% 41.6M 1s
  5150K .......... .......... .......... .......... .......... 19%  114M 1s
  5200K .......... .......... .......... .......... .......... 20% 74.4M 1s
  5250K .......... .......... .......... .......... .......... 20% 87.1M 1s
  5300K .......... .......... .......... .......... .......... 20% 74.4M 1s
  5350K .......... .......... .......... .......... .......... 20% 93.5M 1s
  5400K .......... .......... .......... .......... .......... 20% 98.4M 1s
  5450K .......... .......... .......... .......... .......... 21% 96.9M 1s
  5500K .......... .......... .......... .......... .......... 21% 97.7M 1s
  5550K .......... .......... .......... .......... .......... 21% 5.96M 1s
  5600K .......... .......... .......... .......... .......... 21% 95.9M 1s
  5650K .......... .......... .......... .......... .......... 21% 98.3M 1s
  5700K .......... .......... .......... .......... .......... 22% 96.5M 1s
  5750K .......... .......... .......... .......... .......... 22% 88.0M 1s
  5800K .......... .......... .......... .......... .......... 22% 95.8M 1s
  5850K .......... .......... .......... .......... .......... 22% 81.2M 1s
  5900K .......... .......... .......... .......... .......... 22% 64.4M 1s
  5950K .......... .......... .......... .......... .......... 23% 91.6M 1s
  6000K .......... .......... .......... .......... .......... 23% 90.4M 1s
  6050K .......... .......... .......... .......... .......... 23% 90.3M 1s
  6100K .......... .......... .......... .......... .......... 23% 90.6M 1s
  6150K .......... .......... .......... .......... .......... 23% 98.7M 1s
  6200K .......... .......... .......... .......... .......... 24% 96.1M 1s
  6250K .......... .......... .......... .......... .......... 24% 98.0M 1s
  6300K .......... .......... .......... .......... .......... 24% 98.3M 1s
  6350K .......... .......... .......... .......... .......... 24% 94.0M 1s
  6400K .......... .......... .......... .......... .......... 24%  111M 1s
  6450K .......... .......... .......... .......... .......... 24% 98.2M 1s
  6500K .......... .......... .......... .......... .......... 25% 91.7M 1s
  6550K .......... .......... .......... .......... .......... 25% 92.0M 1s
  6600K .......... .......... .......... .......... .......... 25% 96.9M 1s
  6650K .......... .......... .......... .......... .......... 25% 70.4M 1s
  6700K .......... .......... .......... .......... .......... 25% 69.0M 1s
  6750K .......... .......... .......... .......... .......... 26% 94.9M 1s
  6800K .......... .......... .......... .......... .......... 26% 5.61M 1s
  6850K .......... .......... .......... .......... .......... 26%  107M 1s
  6900K .......... .......... .......... .......... .......... 26% 97.7M 1s
  6950K .......... .......... .......... .......... .......... 26% 95.7M 1s
  7000K .......... .......... .......... .......... .......... 27% 93.9M 1s
  7050K .......... .......... .......... .......... .......... 27% 96.6M 1s
  7100K .......... .......... .......... .......... .......... 27% 97.8M 1s
  7150K .......... .......... .......... .......... .......... 27% 97.7M 1s
  7200K .......... .......... .......... .......... .......... 27% 94.6M 1s
  7250K .......... .......... .......... .......... .......... 28%  103M 1s
  7300K .......... .......... .......... .......... .......... 28% 95.7M 1s
  7350K .......... .......... .......... .......... .......... 28% 93.9M 1s
  7400K .......... .......... .......... .......... .......... 28% 87.9M 1s
  7450K .......... .......... .......... .......... .......... 28% 60.3M 1s
  7500K .......... .......... .......... .......... .......... 28% 28.3M 1s
  7550K .......... .......... .......... .......... .......... 29% 99.7M 1s
  7600K .......... .......... .......... .......... .......... 29% 77.8M 1s
  7650K .......... .......... .......... .......... .......... 29%  105M 1s
  7700K .......... .......... .......... .......... .......... 29%  102M 1s
  7750K .......... .......... .......... .......... .......... 29% 68.2M 1s
  7800K .......... .......... .......... .......... .......... 30% 87.7M 1s
  7850K .......... .......... .......... .......... .......... 30% 63.1M 1s
  7900K .......... .......... .......... .......... .......... 30% 28.0M 1s
  7950K .......... .......... .......... .......... .......... 30% 4.42M 1s
  8000K .......... .......... .......... .......... .......... 30% 91.4M 1s
  8050K .......... .......... .......... .......... .......... 31% 78.6M 1s
  8100K .......... .......... .......... .......... .......... 31% 30.8M 1s
  8150K .......... .......... .......... .......... .......... 31% 93.7M 1s
  8200K .......... .......... .......... .......... .......... 31% 78.3M 1s
  8250K .......... .......... .......... .......... .......... 31% 34.4M 1s
  8300K .......... .......... .......... .......... .......... 32% 98.4M 1s
  8350K .......... .......... .......... .......... .......... 32% 94.1M 1s
  8400K .......... .......... .......... .......... .......... 32% 93.2M 1s
  8450K .......... .......... .......... .......... .......... 32% 95.4M 1s
  8500K .......... .......... .......... .......... .......... 32%  101M 1s
  8550K .......... .......... .......... .......... .......... 33%  113M 0s
  8600K .......... .......... .......... .......... .......... 33% 97.0M 0s
  8650K .......... .......... .......... .......... .......... 33% 96.5M 0s
  8700K .......... .......... .......... .......... .......... 33% 98.7M 0s
  8750K .......... .......... .......... .......... .......... 33% 97.7M 0s
  8800K .......... .......... .......... .......... .......... 33% 94.5M 0s
  8850K .......... .......... .......... .......... .......... 34% 97.9M 0s
  8900K .......... .......... .......... .......... .......... 34% 95.9M 0s
  8950K .......... .......... .......... .......... .......... 34%  112M 0s
  9000K .......... .......... .......... .......... .......... 34% 98.3M 0s
  9050K .......... .......... .......... .......... .......... 34% 93.8M 0s
  9100K .......... .......... .......... .......... .......... 35% 97.5M 0s
  9150K .......... .......... .......... .......... .......... 35% 95.9M 0s
  9200K .......... .......... .......... .......... .......... 35% 5.73M 0s
  9250K .......... .......... .......... .......... .......... 35% 96.5M 0s
  9300K .......... .......... .......... .......... .......... 35% 96.7M 0s
  9350K .......... .......... .......... .......... .......... 36%  105M 0s
  9400K .......... .......... .......... .......... .......... 36%  110M 0s
  9450K .......... .......... .......... .......... .......... 36% 97.7M 0s
  9500K .......... .......... .......... .......... .......... 36% 98.4M 0s
  9550K .......... .......... .......... .......... .......... 36% 97.2M 0s
  9600K .......... .......... .......... .......... .......... 37% 91.6M 0s
  9650K .......... .......... .......... .......... .......... 37% 94.6M 0s
  9700K .......... .......... .......... .......... .......... 37% 95.2M 0s
  9750K .......... .......... .......... .......... .......... 37% 99.0M 0s
  9800K .......... .......... .......... .......... .......... 37%  112M 0s
  9850K .......... .......... .......... .......... .......... 38% 95.7M 0s
  9900K .......... .......... .......... .......... .......... 38% 97.9M 0s
  9950K .......... .......... .......... .......... .......... 38% 98.0M 0s
 10000K .......... .......... .......... .......... .......... 38% 90.8M 0s
 10050K .......... .......... .......... .......... .......... 38% 95.1M 0s
 10100K .......... .......... .......... .......... .......... 38% 98.1M 0s
 10150K .......... .......... .......... .......... .......... 39% 96.3M 0s
 10200K .......... .......... .......... .......... .......... 39%  103M 0s
 10250K .......... .......... .......... .......... .......... 39%  112M 0s
 10300K .......... .......... .......... .......... .......... 39% 95.4M 0s
 10350K .......... .......... .......... .......... .......... 39% 97.6M 0s
 10400K .......... .......... .......... .......... .......... 40% 92.7M 0s
 10450K .......... .......... .......... .......... .......... 40% 96.0M 0s
 10500K .......... .......... .......... .......... .......... 40% 96.9M 0s
 10550K .......... .......... .......... .......... .......... 40% 96.2M 0s
 10600K .......... .......... .......... .......... .......... 40% 97.5M 0s
 10650K .......... .......... .......... .......... .......... 41% 6.09M 0s
 10700K .......... .......... .......... .......... .......... 41% 95.4M 0s
 10750K .......... .......... .......... .......... .......... 41% 97.3M 0s
 10800K .......... .......... .......... .......... .......... 41% 96.7M 0s
 10850K .......... .......... .......... .......... .......... 41% 90.6M 0s
 10900K .......... .......... .......... .......... .......... 42% 97.4M 0s
 10950K .......... .......... .......... .......... .......... 42% 95.4M 0s
 11000K .......... .......... .......... .......... .......... 42% 97.3M 0s
 11050K .......... .......... .......... .......... .......... 42%  101M 0s
 11100K .......... .......... .......... .......... .......... 42%  108M 0s
 11150K .......... .......... .......... .......... .......... 43% 97.4M 0s
 11200K .......... .......... .......... .......... .......... 43% 96.2M 0s
 11250K .......... .......... .......... .......... .......... 43% 90.2M 0s
 11300K .......... .......... .......... .......... .......... 43% 96.9M 0s
 11350K .......... .......... .......... .......... .......... 43% 97.5M 0s
 11400K .......... .......... .......... .......... .......... 43% 95.6M 0s
 11450K .......... .......... .......... .......... .......... 44% 97.5M 0s
 11500K .......... .......... .......... .......... .......... 44%  108M 0s
 11550K .......... .......... .......... .......... .......... 44% 95.1M 0s
 11600K .......... .......... .......... .......... .......... 44% 97.5M 0s
 11650K .......... .......... .......... .......... .......... 44% 93.2M 0s
 11700K .......... .......... .......... .......... .......... 45% 94.9M 0s
 11750K .......... .......... .......... .......... .......... 45% 97.6M 0s
 11800K .......... .......... .......... .......... .......... 45% 96.9M 0s
 11850K .......... .......... .......... .......... .......... 45% 96.0M 0s
 11900K .......... .......... .......... .......... .......... 45%  103M 0s
 11950K .......... .......... .......... .......... .......... 46% 6.20M 0s
 12000K .......... .......... .......... .......... .......... 46% 97.1M 0s
 12050K .......... .......... .......... .......... .......... 46% 97.7M 0s
 12100K .......... .......... .......... .......... .......... 46% 91.6M 0s
 12150K .......... .......... .......... .......... .......... 46% 97.4M 0s
 12200K .......... .......... .......... .......... .......... 47% 99.8M 0s
 12250K .......... .......... .......... .......... .......... 47% 96.2M 0s
 12300K .......... .......... .......... .......... .......... 47% 98.9M 0s
 12350K .......... .......... .......... .......... .......... 47%  112M 0s
 12400K .......... .......... .......... .......... .......... 47% 94.4M 0s
 12450K .......... .......... .......... .......... .......... 48% 98.7M 0s
 12500K .......... .......... .......... .......... .......... 48% 92.2M 0s
 12550K .......... .......... .......... .......... .......... 48% 94.5M 0s
 12600K .......... .......... .......... .......... .......... 48% 98.2M 0s
 12650K .......... .......... .......... .......... .......... 48% 97.3M 0s
 12700K .......... .......... .......... .......... .......... 48% 95.4M 0s
 12750K .......... .......... .......... .......... .......... 49%  103M 0s
 12800K .......... .......... .......... .......... .......... 49%  108M 0s
 12850K .......... .......... .......... .......... .......... 49%  309K 0s
 12900K .......... .......... .......... .......... .......... 49%  875K 1s
 12950K .......... .......... .......... .......... .......... 49% 9.27M 1s
 13000K .......... .......... .......... .......... .......... 50% 7.43M 1s
 13050K .......... .......... .......... .......... .......... 50% 53.0M 1s
 13100K .......... .......... .......... .......... .......... 50% 56.3M 1s
 13150K .......... .......... .......... .......... .......... 50% 61.5M 1s
 13200K .......... .......... .......... .......... .......... 50% 28.1M 1s
 13250K .......... .......... .......... .......... .......... 51% 62.8M 1s
 13300K .......... .......... .......... .......... .......... 51% 57.7M 1s
 13350K .......... .......... .......... .......... .......... 51% 52.4M 1s
 13400K .......... .......... .......... .......... .......... 51% 31.0M 1s
 13450K .......... .......... .......... .......... .......... 51% 89.0M 1s
 13500K .......... .......... .......... .......... .......... 52% 8.23M 1s
 13550K .......... .......... .......... .......... .......... 52%  104M 1s
 13600K .......... .......... .......... .......... .......... 52% 84.5M 1s
 13650K .......... .......... .......... .......... .......... 52% 70.1M 1s
 13700K .......... .......... .......... .......... .......... 52% 94.0M 0s
 13750K .......... .......... .......... .......... .......... 52% 58.7M 0s
 13800K .......... .......... .......... .......... .......... 53% 35.2M 0s
 13850K .......... .......... .......... .......... .......... 53%  105M 0s
 13900K .......... .......... .......... .......... .......... 53% 50.6M 0s
 13950K .......... .......... .......... .......... .......... 53% 38.8M 0s
 14000K .......... .......... .......... .......... .......... 53% 7.28M 0s
 14050K .......... .......... .......... .......... .......... 54%  118M 0s
 14100K .......... .......... .......... .......... .......... 54% 74.7M 0s
 14150K .......... .......... .......... .......... .......... 54%  107M 0s
 14200K .......... .......... .......... .......... .......... 54% 33.5M 0s
 14250K .......... .......... .......... .......... .......... 54%  108M 0s
 14300K .......... .......... .......... .......... .......... 55% 65.8M 0s
 14350K .......... .......... .......... .......... .......... 55%  107M 0s
 14400K .......... .......... .......... .......... .......... 55% 40.9M 0s
 14450K .......... .......... .......... .......... .......... 55%  111M 0s
 14500K .......... .......... .......... .......... .......... 55% 84.0M 0s
 14550K .......... .......... .......... .......... .......... 56%  100M 0s
 14600K .......... .......... .......... .......... .......... 56% 39.6M 0s
 14650K .......... .......... .......... .......... .......... 56%  101M 0s
 14700K .......... .......... .......... .......... .......... 56% 83.4M 0s
 14750K .......... .......... .......... .......... .......... 56%  105M 0s
 14800K .......... .......... .......... .......... .......... 57% 8.84M 0s
 14850K .......... .......... .......... .......... .......... 57%  103M 0s
 14900K .......... .......... .......... .......... .......... 57%  121M 0s
 14950K .......... .......... .......... .......... .......... 57% 98.6M 0s
 15000K .......... .......... .......... .......... .......... 57%  107M 0s
 15050K .......... .......... .......... .......... .......... 57%  107M 0s
 15100K .......... .......... .......... .......... .......... 58%  103M 0s
 15150K .......... .......... .......... .......... .......... 58%  101M 0s
 15200K .......... .......... .......... .......... .......... 58%  100M 0s
 15250K .......... .......... .......... .......... .......... 58%  103M 0s
 15300K .......... .......... .......... .......... .......... 58%  113M 0s
 15350K .......... .......... .......... .......... .......... 59%  121M 0s
 15400K .......... .......... .......... .......... .......... 59% 84.5M 0s
 15450K .......... .......... .......... .......... .......... 59% 78.0M 0s
 15500K .......... .......... .......... .......... .......... 59%  104M 0s
 15550K .......... .......... .......... .......... .......... 59% 32.0M 0s
 15600K .......... .......... .......... .......... .......... 60%  107M 0s
 15650K .......... .......... .......... .......... .......... 60% 6.91M 0s
 15700K .......... .......... .......... .......... .......... 60%  105M 0s
 15750K .......... .......... .......... .......... .......... 60%  102M 0s
 15800K .......... .......... .......... .......... .......... 60% 33.8M 0s
 15850K .......... .......... .......... .......... .......... 61% 95.8M 0s
 15900K .......... .......... .......... .......... .......... 61% 38.5M 0s
 15950K .......... .......... .......... .......... .......... 61% 93.2M 0s
 16000K .......... .......... .......... .......... .......... 61%  108M 0s
 16050K .......... .......... .......... .......... .......... 61%  100M 0s
 16100K .......... .......... .......... .......... .......... 62%  108M 0s
 16150K .......... .......... .......... .......... .......... 62%  114M 0s
 16200K .......... .......... .......... .......... .......... 62% 80.5M 0s
 16250K .......... .......... .......... .......... .......... 62%  107M 0s
 16300K .......... .......... .......... .......... .......... 62% 7.60M 0s
 16350K .......... .......... .......... .......... .......... 62%  106M 0s
 16400K .......... .......... .......... .......... .......... 63% 78.9M 0s
 16450K .......... .......... .......... .......... .......... 63%  106M 0s
 16500K .......... .......... .......... .......... .......... 63% 76.5M 0s
 16550K .......... .......... .......... .......... .......... 63% 36.9M 0s
 16600K .......... .......... .......... .......... .......... 63%  116M 0s
 16650K .......... .......... .......... .......... .......... 64%  107M 0s
 16700K .......... .......... .......... .......... .......... 64%  106M 0s
 16750K .......... .......... .......... .......... .......... 64%  106M 0s
 16800K .......... .......... .......... .......... .......... 64% 86.9M 0s
 16850K .......... .......... .......... .......... .......... 64%  105M 0s
 16900K .......... .......... .......... .......... .......... 65% 82.6M 0s
 16950K .......... .......... .......... .......... .......... 65% 7.37M 0s
 17000K .......... .......... .......... .......... .......... 65%  111M 0s
 17050K .......... .......... .......... .......... .......... 65%  119M 0s
 17100K .......... .......... .......... .......... .......... 65% 93.1M 0s
 17150K .......... .......... .......... .......... .......... 66%  107M 0s
 17200K .......... .......... .......... .......... .......... 66% 98.8M 0s
 17250K .......... .......... .......... .......... .......... 66%  107M 0s
 17300K .......... .......... .......... .......... .......... 66%  106M 0s
 17350K .......... .......... .......... .......... .......... 66%  107M 0s
 17400K .......... .......... .......... .......... .......... 67%  105M 0s
 17450K .......... .......... .......... .......... .......... 67%  116M 0s
 17500K .......... .......... .......... .......... .......... 67%  105M 0s
 17550K .......... .......... .......... .......... .......... 67% 99.4M 0s
 17600K .......... .......... .......... .......... .......... 67% 72.0M 0s
 17650K .......... .......... .......... .......... .......... 67% 7.64M 0s
 17700K .......... .......... .......... .......... .......... 68%  108M 0s
 17750K .......... .......... .......... .......... .......... 68% 31.2M 0s
 17800K .......... .......... .......... .......... .......... 68%  101M 0s
 17850K .......... .......... .......... .......... .......... 68% 91.8M 0s
 17900K .......... .......... .......... .......... .......... 68% 43.6M 0s
 17950K .......... .......... .......... .......... .......... 69%  108M 0s
 18000K .......... .......... .......... .......... .......... 69% 80.0M 0s
 18050K .......... .......... .......... .......... .......... 69% 96.7M 0s
 18100K .......... .......... .......... .......... .......... 69% 78.1M 0s
 18150K .......... .......... .......... .......... .......... 69%  103M 0s
 18200K .......... .......... .......... .......... .......... 70% 77.8M 0s
 18250K .......... .......... .......... .......... .......... 70%  108M 0s
 18300K .......... .......... .......... .......... .......... 70%  119M 0s
 18350K .......... .......... .......... .......... .......... 70%  108M 0s
 18400K .......... .......... .......... .......... .......... 70% 8.44M 0s
 18450K .......... .......... .......... .......... .......... 71%  105M 0s
 18500K .......... .......... .......... .......... .......... 71%  107M 0s
 18550K .......... .......... .......... .......... .......... 71%  106M 0s
 18600K .......... .......... .......... .......... .......... 71%  107M 0s
 18650K .......... .......... .......... .......... .......... 71%  101M 0s
 18700K .......... .......... .......... .......... .......... 72%  111M 0s
 18750K .......... .......... .......... .......... .......... 72% 98.1M 0s
 18800K .......... .......... .......... .......... .......... 72% 74.7M 0s
 18850K .......... .......... .......... .......... .......... 72% 33.4M 0s
 18900K .......... .......... .......... .......... .......... 72%  106M 0s
 18950K .......... .......... .......... .......... .......... 72% 87.6M 0s
 19000K .......... .......... .......... .......... .......... 73% 91.8M 0s
 19050K .......... .......... .......... .......... .......... 73% 72.9M 0s
 19100K .......... .......... .......... .......... .......... 73% 5.93M 0s
 19150K .......... .......... .......... .......... .......... 73%  115M 0s
 19200K .......... .......... .......... .......... .......... 73% 68.4M 0s
 19250K .......... .......... .......... .......... .......... 74%  105M 0s
 19300K .......... .......... .......... .......... .......... 74%  106M 0s
 19350K .......... .......... .......... .......... .......... 74%  108M 0s
 19400K .......... .......... .......... .......... .......... 74%  105M 0s
 19450K .......... .......... .......... .......... .......... 74%  115M 0s
 19500K .......... .......... .......... .......... .......... 75%  117M 0s
 19550K .......... .......... .......... .......... .......... 75% 69.6M 0s
 19600K .......... .......... .......... .......... .......... 75% 35.2M 0s
 19650K .......... .......... .......... .......... .......... 75%  110M 0s
 19700K .......... .......... .......... .......... .......... 75%  121M 0s
 19750K .......... .......... .......... .......... .......... 76% 84.9M 0s
 19800K .......... .......... .......... .......... .......... 76% 96.8M 0s
 19850K .......... .......... .......... .......... .......... 76%  117M 0s
 19900K .......... .......... .......... .......... .......... 76%  102M 0s
 19950K .......... .......... .......... .......... .......... 76%  103M 0s
 20000K .......... .......... .......... .......... .......... 76%  100M 0s
 20050K .......... .......... .......... .......... .......... 77%  120M 0s
 20100K .......... .......... .......... .......... .......... 77% 90.0M 0s
 20150K .......... .......... .......... .......... .......... 77% 94.3M 0s
 20200K .......... .......... .......... .......... .......... 77% 74.5M 0s
 20250K .......... .......... .......... .......... .......... 77% 88.8M 0s
 20300K .......... .......... .......... .......... .......... 78% 4.30M 0s
 20350K .......... .......... .......... .......... .......... 78% 98.8M 0s
 20400K .......... .......... .......... .......... .......... 78%  118M 0s
 20450K .......... .......... .......... .......... .......... 78%  119M 0s
 20500K .......... .......... .......... .......... .......... 78% 79.4M 0s
 20550K .......... .......... .......... .......... .......... 79% 95.2M 0s
 20600K .......... .......... .......... .......... .......... 79% 61.0M 0s
 20650K .......... .......... .......... .......... .......... 79%  115M 0s
 20700K .......... .......... .......... .......... .......... 79% 36.4M 0s
 20750K .......... .......... .......... .......... .......... 79%  106M 0s
 20800K .......... .......... .......... .......... .......... 80% 89.6M 0s
 20850K .......... .......... .......... .......... .......... 80% 36.4M 0s
 20900K .......... .......... .......... .......... .......... 80%  117M 0s
 20950K .......... .......... .......... .......... .......... 80%  101M 0s
 21000K .......... .......... .......... .......... .......... 80%  117M 0s
 21050K .......... .......... .......... .......... .......... 81% 79.6M 0s
 21100K .......... .......... .......... .......... .......... 81%  114M 0s
 21150K .......... .......... .......... .......... .......... 81% 92.4M 0s
 21200K .......... .......... .......... .......... .......... 81% 43.3M 0s
 21250K .......... .......... .......... .......... .......... 81%  120M 0s
 21300K .......... .......... .......... .......... .......... 81%  105M 0s
 21350K .......... .......... .......... .......... .......... 82% 79.3M 0s
 21400K .......... .......... .......... .......... .......... 82%  117M 0s
 21450K .......... .......... .......... .......... .......... 82% 90.8M 0s
 21500K .......... .......... .......... .......... .......... 82%  117M 0s
 21550K .......... .......... .......... .......... .......... 82%  104M 0s
 21600K .......... .......... .......... .......... .......... 83%  120M 0s
 21650K .......... .......... .......... .......... .......... 83%  108M 0s
 21700K .......... .......... .......... .......... .......... 83%  115M 0s
 21750K .......... .......... .......... .......... .......... 83% 97.1M 0s
 21800K .......... .......... .......... .......... .......... 83%  116M 0s
 21850K .......... .......... .......... .......... .......... 84%  119M 0s
 21900K .......... .......... .......... .......... .......... 84%  120M 0s
 21950K .......... .......... .......... .......... .......... 84%  104M 0s
 22000K .......... .......... .......... .......... .......... 84%  116M 0s
 22050K .......... .......... .......... .......... .......... 84%  117M 0s
 22100K .......... .......... .......... .......... .......... 85% 8.23M 0s
 22150K .......... .......... .......... .......... .......... 85%  102M 0s
 22200K .......... .......... .......... .......... .......... 85%  116M 0s
 22250K .......... .......... .......... .......... .......... 85%  119M 0s
 22300K .......... .......... .......... .......... .......... 85%  119M 0s
 22350K .......... .......... .......... .......... .......... 86%  104M 0s
 22400K .......... .......... .......... .......... .......... 86%  111M 0s
 22450K .......... .......... .......... .......... .......... 86%  119M 0s
 22500K .......... .......... .......... .......... .......... 86%  119M 0s
 22550K .......... .......... .......... .......... .......... 86% 98.7M 0s
 22600K .......... .......... .......... .......... .......... 86%  119M 0s
 22650K .......... .......... .......... .......... .......... 87%  119M 0s
 22700K .......... .......... .......... .......... .......... 87%  116M 0s
 22750K .......... .......... .......... .......... .......... 87%  105M 0s
 22800K .......... .......... .......... .......... .......... 87%  119M 0s
 22850K .......... .......... .......... .......... .......... 87%  107M 0s
 22900K .......... .......... .......... .......... .......... 88%  118M 0s
 22950K .......... .......... .......... .......... .......... 88%  102M 0s
 23000K .......... .......... .......... .......... .......... 88%  114M 0s
 23050K .......... .......... .......... .......... .......... 88%  118M 0s
 23100K .......... .......... .......... .......... .......... 88%  119M 0s
 23150K .......... .......... .......... .......... .......... 89%  103M 0s
 23200K .......... .......... .......... .......... .......... 89% 8.64M 0s
 23250K .......... .......... .......... .......... .......... 89%  116M 0s
 23300K .......... .......... .......... .......... .......... 89%  114M 0s
 23350K .......... .......... .......... .......... .......... 89%  101M 0s
 23400K .......... .......... .......... .......... .......... 90%  118M 0s
 23450K .......... .......... .......... .......... .......... 90%  116M 0s
 23500K .......... .......... .......... .......... .......... 90%  119M 0s
 23550K .......... .......... .......... .......... .......... 90%  104M 0s
 23600K .......... .......... .......... .......... .......... 90%  116M 0s
 23650K .......... .......... .......... .......... .......... 91%  107M 0s
 23700K .......... .......... .......... .......... .......... 91%  118M 0s
 23750K .......... .......... .......... .......... .......... 91% 99.9M 0s
 23800K .......... .......... .......... .......... .......... 91%  118M 0s
 23850K .......... .......... .......... .......... .......... 91%  119M 0s
 23900K .......... .......... .......... .......... .......... 91%  118M 0s
 23950K .......... .......... .......... .......... .......... 92%  104M 0s
 24000K .......... .......... .......... .......... .......... 92%  119M 0s
 24050K .......... .......... .......... .......... .......... 92%  115M 0s
 24100K .......... .......... .......... .......... .......... 92%  106M 0s
 24150K .......... .......... .......... .......... .......... 92%  101M 0s
 24200K .......... .......... .......... .......... .......... 93%  119M 0s
 24250K .......... .......... .......... .......... .......... 93% 7.17M 0s
 24300K .......... .......... .......... .......... .......... 93%  116M 0s
 24350K .......... .......... .......... .......... .......... 93%  104M 0s
 24400K .......... .......... .......... .......... .......... 93%  115M 0s
 24450K .......... .......... .......... .......... .......... 94%  118M 0s
 24500K .......... .......... .......... .......... .......... 94%  119M 0s
 24550K .......... .......... .......... .......... .......... 94% 99.9M 0s
 24600K .......... .......... .......... .......... .......... 94%  118M 0s
 24650K .......... .......... .......... .......... .......... 94%  119M 0s
 24700K .......... .......... .......... .......... .......... 95%  114M 0s
 24750K .......... .......... .......... .......... .......... 95% 98.0M 0s
 24800K .......... .......... .......... .......... .......... 95%  117M 0s
 24850K .......... .......... .......... .......... .......... 95%  116M 0s
 24900K .......... .......... .......... .......... .......... 95%  118M 0s
 24950K .......... .......... .......... .......... .......... 96%  102M 0s
 25000K .......... .......... .......... .......... .......... 96%  117M 0s
 25050K .......... .......... .......... .......... .......... 96%  117M 0s
 25100K .......... .......... .......... .......... .......... 96%  120M 0s
 25150K .......... .......... .......... .......... .......... 96%  100M 0s
 25200K .......... .......... .......... .......... .......... 96%  110M 0s
 25250K .......... .......... .......... .......... .......... 97%  119M 0s
 25300K .......... .......... .......... .......... .......... 97%  119M 0s
 25350K .......... .......... .......... .......... .......... 97%  100M 0s
 25400K .......... .......... .......... .......... .......... 97%  119M 0s
 25450K .......... .......... .......... .......... .......... 97%  114M 0s
 25500K .......... .......... .......... .......... .......... 98%  115M 0s
 25550K .......... .......... .......... .......... .......... 98% 8.07M 0s
 25600K .......... .......... .......... .......... .......... 98%  111M 0s
 25650K .......... .......... .......... .......... .......... 98%  117M 0s
 25700K .......... .......... .......... .......... .......... 98%  119M 0s
 25750K .......... .......... .......... .......... .......... 99% 98.4M 0s
 25800K .......... .......... .......... .......... .......... 99%  112M 0s
 25850K .......... .......... .......... .......... .......... 99%  112M 0s
 25900K .......... .......... .......... .......... .......... 99%  105M 0s
 25950K .......... .......... .......... .......... .......... 99% 99.8M 0s
 26000K .......... .......... .......... .......... .         100%  106M=0.8s

2021-12-30 07:31:58 (32.9 MB/s) - ‘/tmp/platform-engine.zip’ saved [26666481/26666481]

Archive:  /tmp/platform-engine.zip
  inflating: /opt/elasticbeanstalk/bin/platform-engine  
  inflating: /opt/elasticbeanstalk/bin/publishlogs  
  inflating: /opt/elasticbeanstalk/bin/pkg-repo  
  inflating: /opt/elasticbeanstalk/bin/get-config  
  inflating: /opt/elasticbeanstalk/config/private/aws-eb.target  
  inflating: /opt/elasticbeanstalk/config/private/logrotate/logrotate-cron.template  
  inflating: /opt/elasticbeanstalk/config/private/logrotate/logrotate.template  
  inflating: /opt/elasticbeanstalk/config/private/systemd.template  
  inflating: /opt/elasticbeanstalk/config/private/systemd-append.template  
  inflating: /opt/elasticbeanstalk/config/private/guidlocking/repo.py  
  inflating: /opt/elasticbeanstalk/config/private/healthd/healthd_httpd.conf  
  inflating: /opt/elasticbeanstalk/config/private/healthd/healthd_nginx.conf  
  inflating: /opt/elasticbeanstalk/config/private/healthd/healthd_logformat.conf  
  inflating: /opt/elasticbeanstalk/config/private/healthd/healthddependency  
  inflating: /opt/elasticbeanstalk/config/private/healthd/logcleanup-cron.template  
  inflating: /opt/elasticbeanstalk/config/private/healthd/config.yaml.template  
 extracting: /opt/elasticbeanstalk/config/private/restartcfn.sh  
  inflating: /opt/elasticbeanstalk/config/private/sqsd/default.yaml.template  
  inflating: /opt/elasticbeanstalk/config/private/sqsd/sqsdversion.json  
  inflating: /opt/elasticbeanstalk/config/private/beanstalk-magic  
  inflating: /opt/elasticbeanstalk/config/private/containercommandsupport/leader-test.sh  
  inflating: /opt/elasticbeanstalk/config/private/containercommandsupport/container-defaults.sh  
  inflating: /opt/elasticbeanstalk/config/private/ruby_common_env  
  inflating: /opt/elasticbeanstalk/config/private/nginx/applicationport.conf.template  
  inflating: /opt/elasticbeanstalk/config/private/nginx/staticfilesmapping.conf.template  
  inflating: /opt/elasticbeanstalk/config/private/nginx/nginx.conf.template  
  inflating: /opt/elasticbeanstalk/config/private/cfn-hup.conf.template  
  inflating: /opt/elasticbeanstalk/config/private/httpd/applicationport.conf.template  
  inflating: /opt/elasticbeanstalk/config/private/httpd/staticfilesmapping.conf.template  
  inflating: /opt/elasticbeanstalk/config/private/httpd/gzip.conf  
  inflating: /opt/elasticbeanstalk/config/private/httpd/httpd.conf.template  
  inflating: /opt/elasticbeanstalk/config/private/cfn-hup-wrapper  
  inflating: /opt/elasticbeanstalk/config/private/eb-banner  
  inflating: /opt/elasticbeanstalk/config/private/aws-eb-command-handler.conf  
  inflating: /opt/elasticbeanstalk/config/private/rsyslog.conf.template  
  inflating: /opt/elasticbeanstalk/config/private/logtasks/cron/publishlogs  
  inflating: /opt/elasticbeanstalk/tasks/taillogs.d/eb-engine.conf  
  inflating: /opt/elasticbeanstalk/tasks/bundlelogs.d/eb-app.conf  
  inflating: /opt/elasticbeanstalk/tasks/bundlelogs.d/eb-system.conf  
 extracting: /opt/elasticbeanstalk/tasks/bundlelogs.d/cloud-init-system.conf  
 extracting: /opt/elasticbeanstalk/tasks/bundlelogs.d/eb-hooks.conf  
  inflating: /opt/elasticbeanstalk/tasks/bundlelogs.d/system.conf  
  inflating: /opt/elasticbeanstalk/tasks/bundlelogs.d/cfn-system.conf  
 extracting: /opt/elasticbeanstalk/tasks/bundlelogs.d/rotate.conf  
 extracting: /opt/elasticbeanstalk/tasks/publishlogs.d/eb-app.conf  
[2021-12-30T07:32:03.209Z] Successfully bootstrapped instance.
[2021-12-30T07:32:03.231Z] Sending signal 0 to CFN wait condition https://cloudformation-waitcondition-us-east-2.s3.us-east-2.amazonaws.com/arn%3Aaws%3Acloudformation%3Aus-east-2%3A668002097633%3Astack/awseb-e-8jmriy3ksj-stack/6b2fde60-6942-11ec-8de9-023daeff6498/AWSEBInstanceLaunchWaitHandle?X-Amz-Algorithm=AWS4-HMAC-SHA256&X-Amz-Date=20211230T073058Z&X-Amz-SignedHeaders=host&X-Amz-Expires=86399&X-Amz-Credential=AKIAVRFIPK6PBGAVDDLE%2F20211230%2Fus-east-2%2Fs3%2Faws4_request&X-Amz-Signature=cfcc4c55ea801322b6cf2d2e0b56226dc2374e2a25e7984f2a22f09e1144445a
CloudFormation signaled successfully with %s.
[2021-12-30T07:32:04.095Z] Tailing /var/log/eb-commandprocessor.log

******************* eb-commandprocessor taillog *******************
***eb-commandprocessor is not available yet.***
******************* End of taillog *******************


[2021-12-30T07:32:04.123Z] Tailing /var/log/eb-activity.log

******************* eb-activity taillog *******************
***eb-activity is not available yet.***
******************* End of taillog *******************


[2021-12-30T07:32:04.131Z] Tailing /var/log/eb-tools.log

******************* eb-tools taillog *******************
***eb-tools is not available yet.***
******************* End of taillog *******************


[2021-12-30T07:32:04.150Z] Tailing /var/log/eb-version-deployment.log

******************* eb-version-deployment taillog *******************
***eb-version-deployment is not available yet.***
******************* End of taillog *******************


[2021-12-30T07:32:04.159Z] Tailing /var/log/cfn-init.log

******************* cfn-init taillog *******************
2021-12-30 07:31:57,654 [INFO] -----------------------Starting build-----------------------
2021-12-30 07:31:57,661 [INFO] Running configSets: _OnInstanceBoot
2021-12-30 07:31:57,676 [INFO] Running configSet _OnInstanceBoot
2021-12-30 07:31:57,679 [INFO] Running config AWSEBBaseConfig
2021-12-30 07:31:57,855 [INFO] Command clearbackupfiles succeeded
2021-12-30 07:31:57,859 [INFO] Running config AWSEBCfnHupEndpointOverride
2021-12-30 07:31:57,864 [INFO] Command clearbackupfiles succeeded
2021-12-30 07:31:57,865 [INFO] ConfigSets completed
2021-12-30 07:31:57,865 [INFO] -----------------------Build complete-----------------------
******************* End of taillog *******************


[2021-12-30T07:32:04.195Z] Tailing /var/log/cfn-hup.log

******************* cfn-hup taillog *******************
2021-12-30 07:32:03,819 [DEBUG] CloudFormation client initialized with endpoint https://cloudformation.us-east-2.amazonaws.com
2021-12-30 07:32:03,820 [DEBUG] SQS client initialized with endpoint https://sqs.us-east-2.amazonaws.com
2021-12-30 07:32:03,820 [DEBUG] CloudFormation client initialized with endpoint https://cloudformation.us-east-2.amazonaws.com
2021-12-30 07:32:03,820 [DEBUG] Enabled single threading mode.
2021-12-30 07:32:03,820 [DEBUG] Creating /var/lib/cfn-hup/data
2021-12-30 07:32:03,831 [INFO] No umask value specified in config file. Using the default one: 0o22
******************* End of taillog *******************


[2021-12-30T07:32:04.207Z] Completed EB Bootstrapping Script.
+ RESULT=0
+ [[ 0 -ne 0 ]]
+ exit 0
