# Logfile created on 2021-12-30 07:33:30 +0000 by logger.rb/66358
A, [2021-12-30T07:33:30.989417 #4144]   ANY -- : healthd daemon 1.0.6 initialized
W, [2021-12-30T07:33:31.098003 #4144]  WARN -- : log file "/var/log/nginx/healthd/application.log.2021-12-30-07" does not exist
W, [2021-12-30T07:33:36.098278 #4144]  WARN -- : log file "/var/log/nginx/healthd/application.log.2021-12-30-07" does not exist
W, [2021-12-30T07:33:41.098967 #4144]  WARN -- : log file "/var/log/nginx/healthd/application.log.2021-12-30-07" does not exist
W, [2021-12-30T07:33:46.104213 #4144]  WARN -- : log file "/var/log/nginx/healthd/application.log.2021-12-30-07" does not exist
W, [2021-12-30T07:33:51.106165 #4144]  WARN -- : log file "/var/log/nginx/healthd/application.log.2021-12-30-07" does not exist
W, [2021-12-30T07:33:56.106834 #4144]  WARN -- : log file "/var/log/nginx/healthd/application.log.2021-12-30-07" does not exist
W, [2021-12-30T07:34:01.107494 #4144]  WARN -- : log file "/var/log/nginx/healthd/application.log.2021-12-30-07" does not exist
W, [2021-12-30T07:34:06.108190 #4144]  WARN -- : log file "/var/log/nginx/healthd/application.log.2021-12-30-07" does not exist
W, [2021-12-30T07:34:11.108882 #4144]  WARN -- : log file "/var/log/nginx/healthd/application.log.2021-12-30-07" does not exist
W, [2021-12-30T07:34:16.109569 #4144]  WARN -- : log file "/var/log/nginx/healthd/application.log.2021-12-30-07" does not exist
W, [2021-12-30T07:34:21.110244 #4144]  WARN -- : log file "/var/log/nginx/healthd/application.log.2021-12-30-07" does not exist
W, [2021-12-30T07:34:26.110894 #4144]  WARN -- : log file "/var/log/nginx/healthd/application.log.2021-12-30-07" does not exist
W, [2021-12-30T07:34:31.111664 #4144]  WARN -- : log file "/var/log/nginx/healthd/application.log.2021-12-30-07" does not exist
W, [2021-12-30T07:34:36.112299 #4144]  WARN -- : log file "/var/log/nginx/healthd/application.log.2021-12-30-07" does not exist
W, [2021-12-30T07:34:41.113035 #4144]  WARN -- : log file "/var/log/nginx/healthd/application.log.2021-12-30-07" does not exist
W, [2021-12-30T07:34:46.113818 #4144]  WARN -- : log file "/var/log/nginx/healthd/application.log.2021-12-30-07" does not exist
W, [2021-12-30T07:34:51.115119 #4144]  WARN -- : log file "/var/log/nginx/healthd/application.log.2021-12-30-07" does not exist
W, [2021-12-30T07:34:56.120322 #4144]  WARN -- : log file "/var/log/nginx/healthd/application.log.2021-12-30-07" does not exist
W, [2021-12-30T07:35:01.123146 #4144]  WARN -- : log file "/var/log/nginx/healthd/application.log.2021-12-30-07" does not exist
W, [2021-12-30T07:35:06.128392 #4144]  WARN -- : log file "/var/log/nginx/healthd/application.log.2021-12-30-07" does not exist
W, [2021-12-30T07:35:11.133617 #4144]  WARN -- : log file "/var/log/nginx/healthd/application.log.2021-12-30-07" does not exist
W, [2021-12-30T07:35:16.135098 #4144]  WARN -- : log file "/var/log/nginx/healthd/application.log.2021-12-30-07" does not exist
W, [2021-12-30T07:35:21.140314 #4144]  WARN -- : log file "/var/log/nginx/healthd/application.log.2021-12-30-07" does not exist
W, [2021-12-30T07:35:26.145531 #4144]  WARN -- : log file "/var/log/nginx/healthd/application.log.2021-12-30-07" does not exist
W, [2021-12-30T07:35:31.150779 #4144]  WARN -- : log file "/var/log/nginx/healthd/application.log.2021-12-30-07" does not exist
W, [2021-12-30T07:35:36.156002 #4144]  WARN -- : log file "/var/log/nginx/healthd/application.log.2021-12-30-07" does not exist
W, [2021-12-30T07:35:41.161258 #4144]  WARN -- : log file "/var/log/nginx/healthd/application.log.2021-12-30-07" does not exist
W, [2021-12-30T07:35:46.166456 #4144]  WARN -- : log file "/var/log/nginx/healthd/application.log.2021-12-30-07" does not exist
W, [2021-12-30T07:35:51.171686 #4144]  WARN -- : log file "/var/log/nginx/healthd/application.log.2021-12-30-07" does not exist
W, [2021-12-30T07:35:56.176913 #4144]  WARN -- : log file "/var/log/nginx/healthd/application.log.2021-12-30-07" does not exist
W, [2021-12-30T07:36:01.181100 #4144]  WARN -- : log file "/var/log/nginx/healthd/application.log.2021-12-30-07" does not exist
W, [2021-12-30T07:36:06.186374 #4144]  WARN -- : log file "/var/log/nginx/healthd/application.log.2021-12-30-07" does not exist
W, [2021-12-30T07:36:11.191612 #4144]  WARN -- : log file "/var/log/nginx/healthd/application.log.2021-12-30-07" does not exist
W, [2021-12-30T07:36:16.196839 #4144]  WARN -- : log file "/var/log/nginx/healthd/application.log.2021-12-30-07" does not exist
W, [2021-12-30T07:36:21.202078 #4144]  WARN -- : log file "/var/log/nginx/healthd/application.log.2021-12-30-07" does not exist
W, [2021-12-30T07:36:26.207285 #4144]  WARN -- : log file "/var/log/nginx/healthd/application.log.2021-12-30-07" does not exist
W, [2021-12-30T07:36:31.208606 #4144]  WARN -- : log file "/var/log/nginx/healthd/application.log.2021-12-30-07" does not exist
W, [2021-12-30T07:36:36.213870 #4144]  WARN -- : log file "/var/log/nginx/healthd/application.log.2021-12-30-07" does not exist
W, [2021-12-30T07:36:41.215151 #4144]  WARN -- : log file "/var/log/nginx/healthd/application.log.2021-12-30-07" does not exist
W, [2021-12-30T07:36:46.220375 #4144]  WARN -- : log file "/var/log/nginx/healthd/application.log.2021-12-30-07" does not exist
W, [2021-12-30T07:36:51.225607 #4144]  WARN -- : log file "/var/log/nginx/healthd/application.log.2021-12-30-07" does not exist
W, [2021-12-30T07:36:56.230844 #4144]  WARN -- : log file "/var/log/nginx/healthd/application.log.2021-12-30-07" does not exist
F, [2021-12-30T07:39:41.800682 #4144] FATAL -- : /opt/elasticbeanstalk/lib/ruby/lib/ruby/gems/2.6.0/gems/puma-5.3.2/lib/puma/launcher.rb:476:in `block in setup_signals': SIGTERM (SignalException)
	from /opt/elasticbeanstalk/lib/ruby/lib/ruby/gems/2.6.0/gems/puma-5.3.2/lib/puma/single.rb:61:in `join'
	from /opt/elasticbeanstalk/lib/ruby/lib/ruby/gems/2.6.0/gems/puma-5.3.2/lib/puma/single.rb:61:in `run'
	from /opt/elasticbeanstalk/lib/ruby/lib/ruby/gems/2.6.0/gems/puma-5.3.2/lib/puma/launcher.rb:181:in `run'
	from /opt/elasticbeanstalk/lib/ruby/lib/ruby/gems/2.6.0/gems/puma-5.3.2/lib/puma/cli.rb:80:in `run'
	from /opt/elasticbeanstalk/lib/ruby/lib/ruby/gems/2.6.0/gems/healthd-1.0.6/bin/healthd:112:in `block in <top (required)>'
	from /opt/elasticbeanstalk/lib/ruby/lib/ruby/gems/2.6.0/gems/healthd-1.0.6/bin/healthd:19:in `chdir'
	from /opt/elasticbeanstalk/lib/ruby/lib/ruby/gems/2.6.0/gems/healthd-1.0.6/bin/healthd:19:in `<top (required)>'
	from /opt/elasticbeanstalk/lib/ruby/bin/healthd:23:in `load'
	from /opt/elasticbeanstalk/lib/ruby/bin/healthd:23:in `<main>'
A, [2021-12-30T07:39:43.081114 #7770]   ANY -- : healthd daemon 1.0.6 initialized
W, [2021-12-30T07:39:53.297001 #7770]  WARN -- : discarding statistic item after validation error (Invalid timestamp): {:id=>"0", :namespace=>"application", :timestamp=>1640849820, :data=>"{\"duration\":10,\"latency_histogram\":[[0.003,1],[0.146,1]],\"http_counters\":{\"status_200\":2,\"request_count\":2}}"}
W, [2021-12-30T07:39:53.297085 #7770]  WARN -- : discarding statistic item after validation error (Invalid timestamp): {:id=>"1", :namespace=>"application", :timestamp=>1640849860, :data=>"{\"duration\":10,\"latency_histogram\":[[0.003,1]],\"http_counters\":{\"status_200\":1,\"request_count\":1}}"}
W, [2021-12-30T07:44:33.110679 #7770]  WARN -- : discarding statistic item after validation error (Invalid timestamp): {:id=>"0", :namespace=>"application", :timestamp=>1640849870, :data=>"{\"duration\":10,\"latency_histogram\":[[0.002,1]],\"http_counters\":{\"status_200\":1,\"request_count\":1}}"}
W, [2021-12-30T07:52:43.115672 #7770]  WARN -- : discarding statistic item after validation error (Invalid timestamp): {:id=>"0", :namespace=>"application", :timestamp=>1640850310, :data=>"{\"duration\":10,\"latency_histogram\":[[0.057,1]],\"http_counters\":{\"status_200\":1,\"request_count\":1}}"}
W, [2021-12-30T07:59:33.115443 #7770]  WARN -- : discarding statistic item after validation error (Invalid timestamp): {:id=>"0", :namespace=>"application", :timestamp=>1640850900, :data=>"{\"duration\":10,\"latency_histogram\":[[0.002,1],[0.006,1],[0.037,1]],\"http_counters\":{\"status_200\":2,\"request_count\":3,\"status_304\":1}}"}
W, [2021-12-30T08:00:01.450836 #7770]  WARN -- : log file "/var/log/nginx/healthd/application.log.2021-12-30-08" does not exist
W, [2021-12-30T08:00:06.451108 #7770]  WARN -- : log file "/var/log/nginx/healthd/application.log.2021-12-30-08" does not exist
W, [2021-12-30T08:00:11.451389 #7770]  WARN -- : log file "/var/log/nginx/healthd/application.log.2021-12-30-08" does not exist
W, [2021-12-30T08:00:16.451680 #7770]  WARN -- : log file "/var/log/nginx/healthd/application.log.2021-12-30-08" does not exist
W, [2021-12-30T08:00:21.451955 #7770]  WARN -- : log file "/var/log/nginx/healthd/application.log.2021-12-30-08" does not exist
W, [2021-12-30T08:00:26.452214 #7770]  WARN -- : log file "/var/log/nginx/healthd/application.log.2021-12-30-08" does not exist
W, [2021-12-30T08:00:31.452575 #7770]  WARN -- : log file "/var/log/nginx/healthd/application.log.2021-12-30-08" does not exist
W, [2021-12-30T08:00:36.452835 #7770]  WARN -- : log file "/var/log/nginx/healthd/application.log.2021-12-30-08" does not exist
W, [2021-12-30T08:00:41.453053 #7770]  WARN -- : log file "/var/log/nginx/healthd/application.log.2021-12-30-08" does not exist
W, [2021-12-30T08:02:43.115560 #7770]  WARN -- : discarding statistic item after validation error (Invalid timestamp): {:id=>"0", :namespace=>"application", :timestamp=>1640851250, :data=>"{\"duration\":10,\"latency_histogram\":[[0.006,1],[0.022,1]],\"http_counters\":{\"status_200\":1,\"request_count\":2,\"status_304\":1}}"}
W, [2021-12-30T08:16:13.110254 #7770]  WARN -- : discarding statistic item after validation error (Invalid timestamp): {:id=>"0", :namespace=>"application", :timestamp=>1640851360, :data=>"{\"duration\":10,\"latency_histogram\":[[0.003,2],[0.021,1]],\"http_counters\":{\"status_200\":1,\"request_count\":3,\"status_304\":2}}"}
F, [2021-12-30T08:31:24.025203 #7770] FATAL -- : /opt/elasticbeanstalk/lib/ruby/lib/ruby/gems/2.6.0/gems/puma-5.3.2/lib/puma/launcher.rb:476:in `block in setup_signals': SIGTERM (SignalException)
	from /opt/elasticbeanstalk/lib/ruby/lib/ruby/gems/2.6.0/gems/puma-5.3.2/lib/puma/single.rb:61:in `join'
	from /opt/elasticbeanstalk/lib/ruby/lib/ruby/gems/2.6.0/gems/puma-5.3.2/lib/puma/single.rb:61:in `run'
	from /opt/elasticbeanstalk/lib/ruby/lib/ruby/gems/2.6.0/gems/puma-5.3.2/lib/puma/launcher.rb:181:in `run'
	from /opt/elasticbeanstalk/lib/ruby/lib/ruby/gems/2.6.0/gems/puma-5.3.2/lib/puma/cli.rb:80:in `run'
	from /opt/elasticbeanstalk/lib/ruby/lib/ruby/gems/2.6.0/gems/healthd-1.0.6/bin/healthd:112:in `block in <top (required)>'
	from /opt/elasticbeanstalk/lib/ruby/lib/ruby/gems/2.6.0/gems/healthd-1.0.6/bin/healthd:19:in `chdir'
	from /opt/elasticbeanstalk/lib/ruby/lib/ruby/gems/2.6.0/gems/healthd-1.0.6/bin/healthd:19:in `<top (required)>'
	from /opt/elasticbeanstalk/lib/ruby/bin/healthd:23:in `load'
	from /opt/elasticbeanstalk/lib/ruby/bin/healthd:23:in `<main>'
A, [2021-12-30T08:31:25.406399 #30432]   ANY -- : healthd daemon 1.0.6 initialized
W, [2021-12-30T08:31:35.515859 #30432]  WARN -- : discarding statistic item after validation error (Invalid timestamp): {:id=>"0", :namespace=>"application", :timestamp=>1640851250, :data=>"{\"duration\":10,\"latency_histogram\":[[0.006,1],[0.022,1]],\"http_counters\":{\"status_200\":1,\"request_count\":2,\"status_304\":1}}"}
W, [2021-12-30T08:31:35.515934 #30432]  WARN -- : discarding statistic item after validation error (Invalid timestamp): {:id=>"1", :namespace=>"application", :timestamp=>1640851360, :data=>"{\"duration\":10,\"latency_histogram\":[[0.003,2],[0.021,1]],\"http_counters\":{\"status_200\":1,\"request_count\":3,\"status_304\":2}}"}
W, [2021-12-30T08:33:55.439804 #30432]  WARN -- : discarding statistic item after validation error (Invalid timestamp): {:id=>"0", :namespace=>"application", :timestamp=>1640852170, :data=>"{\"duration\":10,\"latency_histogram\":[[0.022,1]],\"http_counters\":{\"status_404\":1,\"request_count\":1}}"}
F, [2021-12-30T08:38:38.538648 #30432] FATAL -- : /opt/elasticbeanstalk/lib/ruby/lib/ruby/gems/2.6.0/gems/puma-5.3.2/lib/puma/launcher.rb:476:in `block in setup_signals': SIGTERM (SignalException)
	from /opt/elasticbeanstalk/lib/ruby/lib/ruby/gems/2.6.0/gems/puma-5.3.2/lib/puma/single.rb:61:in `join'
	from /opt/elasticbeanstalk/lib/ruby/lib/ruby/gems/2.6.0/gems/puma-5.3.2/lib/puma/single.rb:61:in `run'
	from /opt/elasticbeanstalk/lib/ruby/lib/ruby/gems/2.6.0/gems/puma-5.3.2/lib/puma/launcher.rb:181:in `run'
	from /opt/elasticbeanstalk/lib/ruby/lib/ruby/gems/2.6.0/gems/puma-5.3.2/lib/puma/cli.rb:80:in `run'
	from /opt/elasticbeanstalk/lib/ruby/lib/ruby/gems/2.6.0/gems/healthd-1.0.6/bin/healthd:112:in `block in <top (required)>'
	from /opt/elasticbeanstalk/lib/ruby/lib/ruby/gems/2.6.0/gems/healthd-1.0.6/bin/healthd:19:in `chdir'
	from /opt/elasticbeanstalk/lib/ruby/lib/ruby/gems/2.6.0/gems/healthd-1.0.6/bin/healthd:19:in `<top (required)>'
	from /opt/elasticbeanstalk/lib/ruby/bin/healthd:23:in `load'
	from /opt/elasticbeanstalk/lib/ruby/bin/healthd:23:in `<main>'
A, [2021-12-30T08:38:39.903671 #2341]   ANY -- : healthd daemon 1.0.6 initialized
W, [2021-12-30T08:38:50.117939 #2341]  WARN -- : discarding statistic item after validation error (Invalid timestamp): {:id=>"0", :namespace=>"application", :timestamp=>1640851250, :data=>"{\"duration\":10,\"latency_histogram\":[[0.006,1],[0.022,1]],\"http_counters\":{\"status_200\":1,\"request_count\":2,\"status_304\":1}}"}
W, [2021-12-30T08:38:50.118015 #2341]  WARN -- : discarding statistic item after validation error (Invalid timestamp): {:id=>"1", :namespace=>"application", :timestamp=>1640851360, :data=>"{\"duration\":10,\"latency_histogram\":[[0.003,2],[0.021,1]],\"http_counters\":{\"status_200\":1,\"request_count\":3,\"status_304\":2}}"}
W, [2021-12-30T08:38:50.118044 #2341]  WARN -- : discarding statistic item after validation error (Invalid timestamp): {:id=>"2", :namespace=>"application", :timestamp=>1640852170, :data=>"{\"duration\":10,\"latency_histogram\":[[0.022,1]],\"http_counters\":{\"status_404\":1,\"request_count\":1}}"}
W, [2021-12-30T08:43:09.933298 #2341]  WARN -- : discarding statistic item after validation error (Invalid timestamp): {:id=>"0", :namespace=>"application", :timestamp=>1640853230, :data=>"{\"duration\":10,\"latency_histogram\":[[0.084,1],[0.306,1]],\"http_counters\":{\"status_404\":1,\"request_count\":2,\"status_200\":1}}"}
W, [2021-12-30T09:00:01.570363 #2341]  WARN -- : log file "/var/log/nginx/healthd/application.log.2021-12-30-09" does not exist
W, [2021-12-30T09:00:06.570653 #2341]  WARN -- : log file "/var/log/nginx/healthd/application.log.2021-12-30-09" does not exist
W, [2021-12-30T09:00:11.570961 #2341]  WARN -- : log file "/var/log/nginx/healthd/application.log.2021-12-30-09" does not exist
W, [2021-12-30T09:00:16.571244 #2341]  WARN -- : log file "/var/log/nginx/healthd/application.log.2021-12-30-09" does not exist
W, [2021-12-30T09:00:21.571520 #2341]  WARN -- : log file "/var/log/nginx/healthd/application.log.2021-12-30-09" does not exist
W, [2021-12-30T09:00:26.571798 #2341]  WARN -- : log file "/var/log/nginx/healthd/application.log.2021-12-30-09" does not exist
W, [2021-12-30T09:00:31.572100 #2341]  WARN -- : log file "/var/log/nginx/healthd/application.log.2021-12-30-09" does not exist
W, [2021-12-30T09:00:36.572381 #2341]  WARN -- : log file "/var/log/nginx/healthd/application.log.2021-12-30-09" does not exist
W, [2021-12-30T09:00:41.572651 #2341]  WARN -- : log file "/var/log/nginx/healthd/application.log.2021-12-30-09" does not exist
W, [2021-12-30T09:00:46.572901 #2341]  WARN -- : log file "/var/log/nginx/healthd/application.log.2021-12-30-09" does not exist
W, [2021-12-30T09:00:51.573169 #2341]  WARN -- : log file "/var/log/nginx/healthd/application.log.2021-12-30-09" does not exist
W, [2021-12-30T09:00:56.573482 #2341]  WARN -- : log file "/var/log/nginx/healthd/application.log.2021-12-30-09" does not exist
W, [2021-12-30T09:01:01.573727 #2341]  WARN -- : log file "/var/log/nginx/healthd/application.log.2021-12-30-09" does not exist
W, [2021-12-30T09:01:06.574015 #2341]  WARN -- : log file "/var/log/nginx/healthd/application.log.2021-12-30-09" does not exist
W, [2021-12-30T09:01:11.574301 #2341]  WARN -- : log file "/var/log/nginx/healthd/application.log.2021-12-30-09" does not exist
W, [2021-12-30T09:01:16.574588 #2341]  WARN -- : log file "/var/log/nginx/healthd/application.log.2021-12-30-09" does not exist
W, [2021-12-30T09:01:21.574915 #2341]  WARN -- : log file "/var/log/nginx/healthd/application.log.2021-12-30-09" does not exist
W, [2021-12-30T09:01:26.575194 #2341]  WARN -- : log file "/var/log/nginx/healthd/application.log.2021-12-30-09" does not exist
W, [2021-12-30T09:01:31.575469 #2341]  WARN -- : log file "/var/log/nginx/healthd/application.log.2021-12-30-09" does not exist
W, [2021-12-30T09:01:36.575767 #2341]  WARN -- : log file "/var/log/nginx/healthd/application.log.2021-12-30-09" does not exist
W, [2021-12-30T09:01:41.576055 #2341]  WARN -- : log file "/var/log/nginx/healthd/application.log.2021-12-30-09" does not exist
W, [2021-12-30T09:01:46.576331 #2341]  WARN -- : log file "/var/log/nginx/healthd/application.log.2021-12-30-09" does not exist
W, [2021-12-30T09:01:51.576588 #2341]  WARN -- : log file "/var/log/nginx/healthd/application.log.2021-12-30-09" does not exist
W, [2021-12-30T09:01:56.576896 #2341]  WARN -- : log file "/var/log/nginx/healthd/application.log.2021-12-30-09" does not exist
W, [2021-12-30T09:02:01.577209 #2341]  WARN -- : log file "/var/log/nginx/healthd/application.log.2021-12-30-09" does not exist
W, [2021-12-30T09:02:06.577473 #2341]  WARN -- : log file "/var/log/nginx/healthd/application.log.2021-12-30-09" does not exist
W, [2021-12-30T09:02:11.577757 #2341]  WARN -- : log file "/var/log/nginx/healthd/application.log.2021-12-30-09" does not exist
W, [2021-12-30T09:02:16.578063 #2341]  WARN -- : log file "/var/log/nginx/healthd/application.log.2021-12-30-09" does not exist
W, [2021-12-30T09:02:21.578349 #2341]  WARN -- : log file "/var/log/nginx/healthd/application.log.2021-12-30-09" does not exist
W, [2021-12-30T09:02:26.578621 #2341]  WARN -- : log file "/var/log/nginx/healthd/application.log.2021-12-30-09" does not exist
W, [2021-12-30T09:02:31.578912 #2341]  WARN -- : log file "/var/log/nginx/healthd/application.log.2021-12-30-09" does not exist
W, [2021-12-30T09:02:36.579215 #2341]  WARN -- : log file "/var/log/nginx/healthd/application.log.2021-12-30-09" does not exist
W, [2021-12-30T09:02:41.579469 #2341]  WARN -- : log file "/var/log/nginx/healthd/application.log.2021-12-30-09" does not exist
W, [2021-12-30T09:02:46.579717 #2341]  WARN -- : log file "/var/log/nginx/healthd/application.log.2021-12-30-09" does not exist
W, [2021-12-30T09:02:51.579985 #2341]  WARN -- : log file "/var/log/nginx/healthd/application.log.2021-12-30-09" does not exist
W, [2021-12-30T09:02:56.580236 #2341]  WARN -- : log file "/var/log/nginx/healthd/application.log.2021-12-30-09" does not exist
W, [2021-12-30T09:03:01.580535 #2341]  WARN -- : log file "/var/log/nginx/healthd/application.log.2021-12-30-09" does not exist
W, [2021-12-30T09:03:06.581015 #2341]  WARN -- : log file "/var/log/nginx/healthd/application.log.2021-12-30-09" does not exist
W, [2021-12-30T09:03:11.581293 #2341]  WARN -- : log file "/var/log/nginx/healthd/application.log.2021-12-30-09" does not exist
W, [2021-12-30T09:03:16.581577 #2341]  WARN -- : log file "/var/log/nginx/healthd/application.log.2021-12-30-09" does not exist
W, [2021-12-30T09:03:21.581907 #2341]  WARN -- : log file "/var/log/nginx/healthd/application.log.2021-12-30-09" does not exist
W, [2021-12-30T09:03:26.582208 #2341]  WARN -- : log file "/var/log/nginx/healthd/application.log.2021-12-30-09" does not exist
W, [2021-12-30T09:03:31.582517 #2341]  WARN -- : log file "/var/log/nginx/healthd/application.log.2021-12-30-09" does not exist
W, [2021-12-30T09:03:36.582805 #2341]  WARN -- : log file "/var/log/nginx/healthd/application.log.2021-12-30-09" does not exist
W, [2021-12-30T09:03:41.583092 #2341]  WARN -- : log file "/var/log/nginx/healthd/application.log.2021-12-30-09" does not exist
W, [2021-12-30T09:03:46.583366 #2341]  WARN -- : log file "/var/log/nginx/healthd/application.log.2021-12-30-09" does not exist
W, [2021-12-30T09:03:51.583654 #2341]  WARN -- : log file "/var/log/nginx/healthd/application.log.2021-12-30-09" does not exist
W, [2021-12-30T09:03:56.583925 #2341]  WARN -- : log file "/var/log/nginx/healthd/application.log.2021-12-30-09" does not exist
W, [2021-12-30T09:04:01.584190 #2341]  WARN -- : log file "/var/log/nginx/healthd/application.log.2021-12-30-09" does not exist
W, [2021-12-30T09:04:06.584481 #2341]  WARN -- : log file "/var/log/nginx/healthd/application.log.2021-12-30-09" does not exist
W, [2021-12-30T09:04:11.584788 #2341]  WARN -- : log file "/var/log/nginx/healthd/application.log.2021-12-30-09" does not exist
W, [2021-12-30T09:04:16.585069 #2341]  WARN -- : log file "/var/log/nginx/healthd/application.log.2021-12-30-09" does not exist
W, [2021-12-30T09:04:21.585332 #2341]  WARN -- : log file "/var/log/nginx/healthd/application.log.2021-12-30-09" does not exist
W, [2021-12-30T09:04:26.585618 #2341]  WARN -- : log file "/var/log/nginx/healthd/application.log.2021-12-30-09" does not exist
W, [2021-12-30T09:04:31.585899 #2341]  WARN -- : log file "/var/log/nginx/healthd/application.log.2021-12-30-09" does not exist
W, [2021-12-30T09:04:36.586195 #2341]  WARN -- : log file "/var/log/nginx/healthd/application.log.2021-12-30-09" does not exist
W, [2021-12-30T09:04:41.586446 #2341]  WARN -- : log file "/var/log/nginx/healthd/application.log.2021-12-30-09" does not exist
W, [2021-12-30T09:04:46.586725 #2341]  WARN -- : log file "/var/log/nginx/healthd/application.log.2021-12-30-09" does not exist
W, [2021-12-30T09:04:51.587029 #2341]  WARN -- : log file "/var/log/nginx/healthd/application.log.2021-12-30-09" does not exist
W, [2021-12-30T09:04:56.587300 #2341]  WARN -- : log file "/var/log/nginx/healthd/application.log.2021-12-30-09" does not exist
W, [2021-12-30T09:05:01.587571 #2341]  WARN -- : log file "/var/log/nginx/healthd/application.log.2021-12-30-09" does not exist
W, [2021-12-30T09:05:06.587850 #2341]  WARN -- : log file "/var/log/nginx/healthd/application.log.2021-12-30-09" does not exist
W, [2021-12-30T09:05:11.588094 #2341]  WARN -- : log file "/var/log/nginx/healthd/application.log.2021-12-30-09" does not exist
W, [2021-12-30T09:05:16.588334 #2341]  WARN -- : log file "/var/log/nginx/healthd/application.log.2021-12-30-09" does not exist
W, [2021-12-30T09:05:21.588588 #2341]  WARN -- : log file "/var/log/nginx/healthd/application.log.2021-12-30-09" does not exist
W, [2021-12-30T09:05:26.588863 #2341]  WARN -- : log file "/var/log/nginx/healthd/application.log.2021-12-30-09" does not exist
W, [2021-12-30T09:05:31.589155 #2341]  WARN -- : log file "/var/log/nginx/healthd/application.log.2021-12-30-09" does not exist
W, [2021-12-30T09:05:36.589413 #2341]  WARN -- : log file "/var/log/nginx/healthd/application.log.2021-12-30-09" does not exist
W, [2021-12-30T09:05:41.589649 #2341]  WARN -- : log file "/var/log/nginx/healthd/application.log.2021-12-30-09" does not exist
W, [2021-12-30T09:05:46.589929 #2341]  WARN -- : log file "/var/log/nginx/healthd/application.log.2021-12-30-09" does not exist
W, [2021-12-30T09:05:51.590222 #2341]  WARN -- : log file "/var/log/nginx/healthd/application.log.2021-12-30-09" does not exist
W, [2021-12-30T09:05:56.590472 #2341]  WARN -- : log file "/var/log/nginx/healthd/application.log.2021-12-30-09" does not exist
W, [2021-12-30T09:06:01.590763 #2341]  WARN -- : log file "/var/log/nginx/healthd/application.log.2021-12-30-09" does not exist
W, [2021-12-30T09:06:06.591039 #2341]  WARN -- : log file "/var/log/nginx/healthd/application.log.2021-12-30-09" does not exist
W, [2021-12-30T09:06:11.591341 #2341]  WARN -- : log file "/var/log/nginx/healthd/application.log.2021-12-30-09" does not exist
W, [2021-12-30T09:06:16.591594 #2341]  WARN -- : log file "/var/log/nginx/healthd/application.log.2021-12-30-09" does not exist
W, [2021-12-30T09:06:21.591895 #2341]  WARN -- : log file "/var/log/nginx/healthd/application.log.2021-12-30-09" does not exist
W, [2021-12-30T09:06:26.592182 #2341]  WARN -- : log file "/var/log/nginx/healthd/application.log.2021-12-30-09" does not exist
W, [2021-12-30T09:06:31.592456 #2341]  WARN -- : log file "/var/log/nginx/healthd/application.log.2021-12-30-09" does not exist
W, [2021-12-30T09:06:36.592746 #2341]  WARN -- : log file "/var/log/nginx/healthd/application.log.2021-12-30-09" does not exist
W, [2021-12-30T09:06:41.593022 #2341]  WARN -- : log file "/var/log/nginx/healthd/application.log.2021-12-30-09" does not exist
W, [2021-12-30T09:06:46.593293 #2341]  WARN -- : log file "/var/log/nginx/healthd/application.log.2021-12-30-09" does not exist
W, [2021-12-30T09:06:51.593542 #2341]  WARN -- : log file "/var/log/nginx/healthd/application.log.2021-12-30-09" does not exist
W, [2021-12-30T09:06:56.593821 #2341]  WARN -- : log file "/var/log/nginx/healthd/application.log.2021-12-30-09" does not exist
W, [2021-12-30T09:07:01.594101 #2341]  WARN -- : log file "/var/log/nginx/healthd/application.log.2021-12-30-09" does not exist
W, [2021-12-30T09:07:06.594379 #2341]  WARN -- : log file "/var/log/nginx/healthd/application.log.2021-12-30-09" does not exist
W, [2021-12-30T09:07:11.594652 #2341]  WARN -- : log file "/var/log/nginx/healthd/application.log.2021-12-30-09" does not exist
W, [2021-12-30T09:07:16.594920 #2341]  WARN -- : log file "/var/log/nginx/healthd/application.log.2021-12-30-09" does not exist
W, [2021-12-30T09:07:21.595267 #2341]  WARN -- : log file "/var/log/nginx/healthd/application.log.2021-12-30-09" does not exist
W, [2021-12-30T09:07:26.595533 #2341]  WARN -- : log file "/var/log/nginx/healthd/application.log.2021-12-30-09" does not exist
W, [2021-12-30T09:07:31.595809 #2341]  WARN -- : log file "/var/log/nginx/healthd/application.log.2021-12-30-09" does not exist
W, [2021-12-30T09:07:36.596072 #2341]  WARN -- : log file "/var/log/nginx/healthd/application.log.2021-12-30-09" does not exist
W, [2021-12-30T09:07:41.596367 #2341]  WARN -- : log file "/var/log/nginx/healthd/application.log.2021-12-30-09" does not exist
W, [2021-12-30T09:07:46.596627 #2341]  WARN -- : log file "/var/log/nginx/healthd/application.log.2021-12-30-09" does not exist
W, [2021-12-30T09:07:51.596892 #2341]  WARN -- : log file "/var/log/nginx/healthd/application.log.2021-12-30-09" does not exist
W, [2021-12-30T09:07:56.597166 #2341]  WARN -- : log file "/var/log/nginx/healthd/application.log.2021-12-30-09" does not exist
W, [2021-12-30T09:08:01.597438 #2341]  WARN -- : log file "/var/log/nginx/healthd/application.log.2021-12-30-09" does not exist
W, [2021-12-30T09:08:06.597730 #2341]  WARN -- : log file "/var/log/nginx/healthd/application.log.2021-12-30-09" does not exist
W, [2021-12-30T09:08:11.598000 #2341]  WARN -- : log file "/var/log/nginx/healthd/application.log.2021-12-30-09" does not exist
W, [2021-12-30T09:08:16.598241 #2341]  WARN -- : log file "/var/log/nginx/healthd/application.log.2021-12-30-09" does not exist
W, [2021-12-30T09:08:21.598494 #2341]  WARN -- : log file "/var/log/nginx/healthd/application.log.2021-12-30-09" does not exist
W, [2021-12-30T09:08:26.598784 #2341]  WARN -- : log file "/var/log/nginx/healthd/application.log.2021-12-30-09" does not exist
W, [2021-12-30T09:08:31.599056 #2341]  WARN -- : log file "/var/log/nginx/healthd/application.log.2021-12-30-09" does not exist
W, [2021-12-30T09:08:36.599327 #2341]  WARN -- : log file "/var/log/nginx/healthd/application.log.2021-12-30-09" does not exist
W, [2021-12-30T09:08:41.599606 #2341]  WARN -- : log file "/var/log/nginx/healthd/application.log.2021-12-30-09" does not exist
W, [2021-12-30T09:08:46.599860 #2341]  WARN -- : log file "/var/log/nginx/healthd/application.log.2021-12-30-09" does not exist
W, [2021-12-30T09:08:51.600109 #2341]  WARN -- : log file "/var/log/nginx/healthd/application.log.2021-12-30-09" does not exist
W, [2021-12-30T09:08:56.600379 #2341]  WARN -- : log file "/var/log/nginx/healthd/application.log.2021-12-30-09" does not exist
W, [2021-12-30T09:09:01.600642 #2341]  WARN -- : log file "/var/log/nginx/healthd/application.log.2021-12-30-09" does not exist
W, [2021-12-30T09:09:06.600914 #2341]  WARN -- : log file "/var/log/nginx/healthd/application.log.2021-12-30-09" does not exist
W, [2021-12-30T09:09:11.601195 #2341]  WARN -- : log file "/var/log/nginx/healthd/application.log.2021-12-30-09" does not exist
W, [2021-12-30T09:09:16.601447 #2341]  WARN -- : log file "/var/log/nginx/healthd/application.log.2021-12-30-09" does not exist
W, [2021-12-30T09:09:21.601732 #2341]  WARN -- : log file "/var/log/nginx/healthd/application.log.2021-12-30-09" does not exist
W, [2021-12-30T09:09:26.602014 #2341]  WARN -- : log file "/var/log/nginx/healthd/application.log.2021-12-30-09" does not exist
W, [2021-12-30T09:09:31.602310 #2341]  WARN -- : log file "/var/log/nginx/healthd/application.log.2021-12-30-09" does not exist
W, [2021-12-30T09:09:36.602589 #2341]  WARN -- : log file "/var/log/nginx/healthd/application.log.2021-12-30-09" does not exist
W, [2021-12-30T09:09:41.602885 #2341]  WARN -- : log file "/var/log/nginx/healthd/application.log.2021-12-30-09" does not exist
W, [2021-12-30T09:09:46.603173 #2341]  WARN -- : log file "/var/log/nginx/healthd/application.log.2021-12-30-09" does not exist
W, [2021-12-30T09:09:51.603436 #2341]  WARN -- : log file "/var/log/nginx/healthd/application.log.2021-12-30-09" does not exist
W, [2021-12-30T09:09:56.603698 #2341]  WARN -- : log file "/var/log/nginx/healthd/application.log.2021-12-30-09" does not exist
W, [2021-12-30T09:10:01.603970 #2341]  WARN -- : log file "/var/log/nginx/healthd/application.log.2021-12-30-09" does not exist
W, [2021-12-30T09:10:06.604233 #2341]  WARN -- : log file "/var/log/nginx/healthd/application.log.2021-12-30-09" does not exist
W, [2021-12-30T09:10:11.604484 #2341]  WARN -- : log file "/var/log/nginx/healthd/application.log.2021-12-30-09" does not exist
